-----TI-REX started at Tue Jun 13 2017 12:16:40 GMT-0400 (Eastern Daylight Time)
Tue, 13 Jun 2017 16:16:58 GMT connect deprecated multipart: use parser (multiparty, busboy, formidable) npm module instead at node_modules\connect\lib\middleware\bodyParser.js:56:20
Tue, 13 Jun 2017 16:16:58 GMT connect deprecated limit: Restrict request size at location of read at node_modules\connect\lib\middleware\multipart.js:86:15
Tue, 13 Jun 2017 16:16:58 GMT connect deprecated methodOverride: use method-override npm module instead at app.js:555:21
rex-content"
]
2017-06-13T16:16:56.887Z INFO DAEMON tirex C:\ti\ccsv7\tirex\ti-rex-core\lib\vars.js:165:12:Function.Vars.createDirs() [
    "db dir: C:\\Users\\shriya\\ti\\tirex-localserver-3.0.0\\.db"
]
2017-06-13T16:16:56.902Z INFO DAEMON tirex C:\ti\ccsv7\tirex\ti-rex-core\lib\vars.js:170:12:Function.Vars.createDirs() [
    "db logs dir: C:\\Users\\shriya\\ti\\tirex-localserver-3.0.0\\.db\\logs"
]
2017-06-13T16:16:56.918Z INFO DAEMON tirex C:\ti\ccsv7\tirex\ti-rex-core\lib\vars.js:175:12:Function.Vars.createDirs() [
    "sitemap dir: C:\\Users\\shriya\\ti\\tirex-localserver-3.0.0\\.db\\sitemap"
]
2017-06-13T16:16:56.918Z INFO DAEMON tirex C:\ti\ccsv7\tirex\ti-rex-core\lib\vars.js:180:12:Function.Vars.createDirs() [
    "downloads dir: C:\\Users\\shriya\\ti\\tirex-localserver-3.0.0\\.downloads"
]
2017-06-13T16:16:56.918Z INFO DAEMON tirex C:\ti\ccsv7\tirex\ti-rex-core\lib\vars.js:185:12:Function.Vars.createDirs() [
    "user config dir: C:\\Users\\shriya\\ti\\tirex-localserver-3.0.0"
]
2017-06-13T16:16:56.996Z INFO DAEMON tirex C:\ti\ccsv7\tirex\ti-rex-core\rexdb\lib\rexdb-split.js:49:12:RexDBSplit.use() [
    "DB: use() called with[]"
]
2017-06-13T16:16:57.012Z INFO DAEMON tirex C:\ti\ccsv7\tirex\ti-rex-core\rexdb\lib\rexdb-split.js:83:16:() [
    "DB: status {}"
]
2017-06-13T16:16:59.711Z INFO DAEMON tirex C:\ti\ccsv7\tirex\ti-rex-core\lib\localserver.js:50:12:logInfo() [
    "localserver",
    "Starting up local server ..."
]
2017-06-13T16:16:59.711Z INFO DAEMON tirex C:\ti\ccsv7\tirex\ti-rex-core\lib\localserver.js:50:12:logInfo() [
    "localserver",
    "CCS host: http://localhost:51413/"
]
2017-06-13T16:16:59.805Z INFO DAEMON tirex C:\ti\ccsv7\tirex\ti-rex-core\lib\localserver.js:50:12:logInfo() [
    "localserver",
    "Connecting to remote server host: https://dev.ti.com/tirex"
]
2017-06-13T16:16:59.914Z INFO DAEMON tirex C:\ti\ccsv7\tirex\ti-rex-core\app.js:2317:16:Server.<anonymous>() [
    "Express server listening on port 51418"
]
2017-06-13T16:17:01.025Z INFO DAEMON tirex C:\ti\ccsv7\tirex\ti-rex-core\lib\localserver.js:50:12:logInfo() [
    "localserver",
    "Cannot connect to remote server host: https://dev.ti.com/tirex"
]
2017-06-13T16:17:01.041Z INFO DAEMON tirex C:\ti\ccsv7\tirex\ti-rex-core\lib\localserver.js:50:12:logInfo() [
    "localserver",
    "Reason: This version of Resource Explorer is no longer supported. Please see update instructions here: http://processors.wiki.ti.com/index.php/TIREX_Update"
]
2017-06-13T16:17:07.268Z INFO DAEMON tirex C:\ti\ccsv7\tirex\ti-rex-core\rexdb\lib\rexdb-split.js:49:12:RexDBSplit.use() [
    "DB: use() called with[]"
]
2017-06-13T16:17:07.269Z INFO DAEMON tirex C:\ti\ccsv7\tirex\ti-rex-core\rexdb\lib\rexdb-split.js:83:16:() [
    "DB: status {}"
]
User configuration saved successfully.
User configuration saved successfully.
User configuration saved successfully.
User configuration saved successfully.
User configuration saved successfully.
User configuration saved successfully.
2017-06-13T16:17:10.615Z INFO DAEMON tirex C:\ti\ccsv7\tirex\ti-rex-core\rexdb\lib\rexdb-split.js:49:12:RexDBSplit.use() [
    "DB: use() called with[]"
]
2017-06-13T16:17:10.616Z INFO DAEMON tirex C:\ti\ccsv7\tirex\ti-rex-core\rexdb\lib\rexdb-split.js:83:16:() [
    "DB: status {}"
]
