
**** Build of configuration Debug for project Blink_clock ****

"C:\\ti\\ccsv7\\utils\\bin\\gmake" -k -j 4 all -O 
'Building file: ../empty_min.cfg'
'Invoking: XDCtools'
"C:/ti/xdctools_3_32_01_22_core/xs" --xdcpath="C:/ti/tirtos_tivac_2_16_00_08/packages;C:/ti/tirtos_tivac_2_16_00_08/products/tidrivers_tivac_2_16_00_08/packages;C:/ti/tirtos_tivac_2_16_00_08/products/bios_6_45_01_29/packages;C:/ti/tirtos_tivac_2_16_00_08/products/ndk_2_25_00_09/packages;C:/ti/tirtos_tivac_2_16_00_08/products/uia_2_00_05_50/packages;C:/ti/tirtos_tivac_2_16_00_08/products/ns_1_11_00_10/packages;C:/ti/ccsv7/ccs_base;" xdc.tools.configuro -o configPkg -t ti.targets.arm.elf.M4F -p ti.platforms.tiva:TM4C123GH6PM -r release -c "C:/ti/ccsv7/tools/compiler/ti-cgt-arm_17.3.0.STS" --compileOptions "-mv7M4 --code_state=16 --float_support=FPv4SPD16 -me --include_path=\"D:/TREC-EXO/Test-Stand-Electronics/RTOS/Blink_clock\" --include_path=\"C:/ti/tirtos_tivac_2_16_00_08/products/TivaWare_C_Series-2.1.1.71b\" --include_path=\"C:/ti/tirtos_tivac_2_16_00_08/products/bios_6_45_01_29/packages/ti/sysbios/posix\" --include_path=\"C:/ti/ccsv7/tools/compiler/ti-cgt-arm_17.3.0.STS/include\" --define=ccs=\"ccs\" --define=PART_TM4C123GH6PM --define=ccs --define=TIVAWARE -g --gcc --diag_warning=225 --diag_warning=255 --diag_wrap=off --display_error_number --gen_func_subsections=on --abi=eabi  " "../empty_min.cfg"
making package.mak (because of package.bld) ...
generating interfaces for package configPkg (because package/package.xdc.inc is older than package.xdc) ...
configuring empty_min.xem4f from package/cfg/empty_min_pem4f.cfg ...
generating custom ti.sysbios library makefile ... 
Starting build of library sources ...
making D:/TREC-EXO/Test-Stand-Electronics/RTOS/Blink_clock/src/sysbios/sysbios.aem4f ...
gmake[1]: Entering directory `D:/TREC-EXO/Test-Stand-Electronics/RTOS/Blink_clock/src/sysbios'
clem4f C:/ti/tirtos_tivac_2_16_00_08/products/bios_6_45_01_29/packages/ti/sysbios/BIOS.c ...
gmake[1]: Leaving directory `D:/TREC-EXO/Test-Stand-Electronics/RTOS/Blink_clock/src/sysbios'
Build of libraries failed.
subdir_rules.mk:12: recipe for target 'build-1635972767-inproc' failed

[main] C:\cygnus\cygwin-b20\H-i586-cygwin32\bin\sh.exe 1000 (0) sync_with_child: child 7980(0x1AC) died before initialization with status code 0x1
[main] sh 1000 (0) sync_with_child: *** child state waiting for longjmp
C:/Users/shriya/AppData/Local/Temp/make3752-1.sh: Cannot fork
gmake[1]: *** [BIOS.obj] Error 2
gmake: *** [D:/TREC-EXO/Test-Stand-Electronics/RTOS/Blink_clock/src/sysbios/sysbios.aem4f] Error 2
error: xdc.cfg.SourceDir: "C:/ti/xdctools_3_32_01_22_core/packages/xdc/cfg/SourceDir.xs", line 209: xdc.cfg.SourceDir : Build of generated source libraries failed: exit status = 2:

js: "C:/ti/xdctools_3_32_01_22_core/packages/xdc/cfg/Main.xs", line 160: Error: Configuration failed!
gmake.exe: *** [package/cfg/empty_min_pem4f.xdl] Error 1
gmake.exe: *** Deleting file `package/cfg/empty_min_pem4f.xdl'
gmake.exe: *** [package/cfg/empty_min_pem4f.xdl] Deleting file `package/cfg/empty_min_pem4f.h'
gmake.exe: *** [package/cfg/empty_min_pem4f.xdl] Deleting file `package/cfg/empty_min_pem4f.c'
js: "C:/ti/xdctools_3_32_01_22_core/packages/xdc/tools/Cmdr.xs", line 52: Error: xdc.tools.configuro: configuration failed due to earlier errors (status = 2); 'linker.cmd' deleted.
gmake[1]: *** [build-1635972767-inproc] Error 1
gmake: *** No rule to make target 'build-1635972767', needed by 'configPkg/compiler.opt'.
gmake: Target 'all' not remade because of errors.

**** Build Finished ****
