
**** Clean-only build of configuration Debug for project Blink_Swi ****

"C:\\ti\\ccsv7\\utils\\bin\\gmake" -k -j 4 clean -O 
cleaning ../src/sysbios ...
DEL /F  "../src/makefile.libs" "Blink_Swi.hex"  "configPkg\linker.cmd" "configPkg\compiler.opt"  "Blink_Swi.out" 
RMDIR /S/Q  "configPkg\" 
DEL /F "main.obj" 
DEL /F "main.d" 
Could Not Find D:\TREC-EXO\Test-Stand-Electronics\RTOS\Blink_Swi\src\../src/makefile.libs
Could Not Find D:\TREC-EXO\Test-Stand-Electronics\RTOS\Blink_Swi\Debug\Blink_Swi.hex
'Finished clean'
' '

**** Build Finished ****

**** Build of configuration Debug for project Blink_Swi ****

"C:\\ti\\ccsv7\\utils\\bin\\gmake" -k -j 4 all -O 
'Building file: ../empty_min.cfg'
'Invoking: XDCtools'
"C:/ti/xdctools_3_32_01_22_core/xs" --xdcpath="C:/ti/tirtos_tivac_2_16_00_08/packages;C:/ti/tirtos_tivac_2_16_00_08/products/tidrivers_tivac_2_16_00_08/packages;C:/ti/tirtos_tivac_2_16_00_08/products/bios_6_45_01_29/packages;C:/ti/tirtos_tivac_2_16_00_08/products/ndk_2_25_00_09/packages;C:/ti/tirtos_tivac_2_16_00_08/products/uia_2_00_05_50/packages;C:/ti/tirtos_tivac_2_16_00_08/products/ns_1_11_00_10/packages;C:/ti/ccsv7/ccs_base;" xdc.tools.configuro -o configPkg -t ti.targets.arm.elf.M4F -p ti.platforms.tiva:TM4C123GH6PM -r release -c "C:/ti/ccsv7/tools/compiler/ti-cgt-arm_17.3.0.STS" --compileOptions "-mv7M4 --code_state=16 --float_support=FPv4SPD16 -me --include_path=\"D:/TREC-EXO/Test-Stand-Electronics/RTOS/Blink_Swi\" --include_path=\"C:/ti/tirtos_tivac_2_16_00_08/products/TivaWare_C_Series-2.1.1.71b\" --include_path=\"C:/ti/tirtos_tivac_2_16_00_08/products/bios_6_45_01_29/packages/ti/sysbios/posix\" --include_path=\"C:/ti/ccsv7/tools/compiler/ti-cgt-arm_17.3.0.STS/include\" --define=ccs=\"ccs\" --define=PART_TM4C123GH6PM --define=ccs --define=TIVAWARE -g --gcc --diag_warning=225 --diag_warning=255 --diag_wrap=off --display_error_number --gen_func_subsections=on --abi=eabi  " "../empty_min.cfg"
making package.mak (because of package.bld) ...
generating interfaces for package configPkg (because package/package.xdc.inc is older than package.xdc) ...
configuring empty_min.xem4f from package/cfg/empty_min_pem4f.cfg ...
generating custom ti.sysbios library makefile ... 
Starting build of library sources ...
making D:/TREC-EXO/Test-Stand-Electronics/RTOS/Blink_Swi/src/sysbios/sysbios.aem4f ...
gmake[1]: Entering directory `D:/TREC-EXO/Test-Stand-Electronics/RTOS/Blink_Swi/src/sysbios'
clem4f C:/ti/tirtos_tivac_2_16_00_08/products/bios_6_45_01_29/packages/ti/sysbios/BIOS.c ...
asmem4f C:/ti/tirtos_tivac_2_16_00_08/products/bios_6_45_01_29/packages/ti/sysbios/family/arm/m3/Hwi_asm.sv7M ...
asmem4f C:/ti/tirtos_tivac_2_16_00_08/products/bios_6_45_01_29/packages/ti/sysbios/family/arm/m3/Hwi_asm_switch.sv7M ...
asmem4f C:/ti/tirtos_tivac_2_16_00_08/products/bios_6_45_01_29/packages/ti/sysbios/family/arm/m3/IntrinsicsSupport_asm.sv7M ...
asmem4f C:/ti/tirtos_tivac_2_16_00_08/products/bios_6_45_01_29/packages/ti/sysbios/family/arm/m3/TaskSupport_asm.sv7M ...
arem4f BIOS.obj m3_Hwi_asm.obj m3_Hwi_asm_switch.obj m3_IntrinsicsSupport_asm.obj m3_TaskSupport_asm.obj ...
gmake[1]: Leaving directory `D:/TREC-EXO/Test-Stand-Electronics/RTOS/Blink_Swi/src/sysbios'
Build of libraries done.
clem4f package/cfg/empty_min_pem4f.c ...
'Finished building: ../empty_min.cfg'
' '
        1 file(s) copied.
making ../src/sysbios/sysbios.aem4f ...
gmake[1]: Nothing to be done for 'all'.
'Building file: ../main.c'
'Invoking: ARM Compiler'
"C:/ti/ccsv7/tools/compiler/ti-cgt-arm_17.3.0.STS/bin/armcl" -mv7M4 --code_state=16 --float_support=FPv4SPD16 -me --include_path="D:/TREC-EXO/Test-Stand-Electronics/RTOS/Blink_Swi" --include_path="C:/ti/tirtos_tivac_2_16_00_08/products/TivaWare_C_Series-2.1.1.71b" --include_path="C:/ti/tirtos_tivac_2_16_00_08/products/bios_6_45_01_29/packages/ti/sysbios/posix" --include_path="C:/ti/ccsv7/tools/compiler/ti-cgt-arm_17.3.0.STS/include" --define=ccs="ccs" --define=PART_TM4C123GH6PM --define=ccs --define=TIVAWARE -g --gcc --diag_warning=225 --diag_warning=255 --diag_wrap=off --display_error_number --gen_func_subsections=on --abi=eabi --preproc_with_compile --preproc_dependency="main.d" --cmd_file="configPkg/compiler.opt" "../main.c"
'Finished building: ../main.c'
' '
making ../src/sysbios/sysbios.aem4f ...
gmake[2]: Nothing to be done for 'all'.
'Building target: Blink_Swi.out'
'Invoking: ARM Linker'
"C:/ti/ccsv7/tools/compiler/ti-cgt-arm_17.3.0.STS/bin/armcl" -mv7M4 --code_state=16 --float_support=FPv4SPD16 -me --define=ccs="ccs" --define=PART_TM4C123GH6PM --define=ccs --define=TIVAWARE -g --gcc --diag_warning=225 --diag_warning=255 --diag_wrap=off --display_error_number --gen_func_subsections=on --abi=eabi -z -m"Blink_Swi.map" --heap_size=0 --stack_size=512 -i"C:/ti/ccsv7/tools/compiler/ti-cgt-arm_17.3.0.STS/lib" -i"C:/ti/ccsv7/tools/compiler/ti-cgt-arm_17.3.0.STS/include" --reread_libs --diag_wrap=off --display_error_number --warn_sections --xml_link_info="Blink_Swi_linkInfo.xml" --rom_model -o "Blink_Swi.out" "./main.obj" "../EK_TM4C123GXL.cmd" -l"configPkg/linker.cmd" -l"C:/ti/tirtos_tivac_2_16_00_08/products/TivaWare_C_Series-2.1.1.71b/grlib/ccs/Debug/grlib.lib" -l"C:/ti/tirtos_tivac_2_16_00_08/products/TivaWare_C_Series-2.1.1.71b/usblib/ccs/Debug/usblib.lib" -l"C:/ti/tirtos_tivac_2_16_00_08/products/TivaWare_C_Series-2.1.1.71b/driverlib/ccs/Debug/driverlib.lib" -llibc.a 
<Linking>
'Finished building target: Blink_Swi.out'
' '

**** Build Finished ****
